<?xml version="1.0" encoding="UTF-8"?>
<!-- Generated by org.testng.reporters.JUnitXMLReporter -->
<testsuite ignored="0" hostname="IN3230656W1" failures="1" tests="1" name="Test" time="0.03" errors="0" timestamp="2022-09-22T16:35:31 IST">
  <testcase classname="Test_practic.Parameter_test" name="credntial" time="0.0">
    <failure type="org.testng.TestNGException" message="
Conversion issue on parameter: password">
      <![CDATA[org.testng.TestNGException: 
Conversion issue on parameter: password
at java.base/java.util.ArrayList.forEach(ArrayList.java:1511)
Caused by: java.lang.NumberFormatException: For input string: "smith2809"
at java.base/java.lang.NumberFormatException.forInputString(NumberFormatException.java:67)
at java.base/java.lang.Integer.parseInt(Integer.java:668)
at java.base/java.lang.Integer.valueOf(Integer.java:999)
... 27 more
... Removed 28 stack frames]]>
    </failure>
  </testcase> <!-- credntial -->
</testsuite> <!-- Test -->
