<?xml version="1.0" encoding="UTF-8"?>
<testng-results ignored="0" total="2" passed="2" failed="0" skipped="0">
  <reporter-output>
  </reporter-output>
  <suite started-at="2022-09-22T18:08:35 IST" name="Default suite" finished-at="2022-09-22T18:08:35 IST" duration-ms="42">
    <groups>
    </groups>
    <test started-at="2022-09-22T18:08:35 IST" name="Default test" finished-at="2022-09-22T18:08:35 IST" duration-ms="42">
      <class name="Test_practic.Multiple_datas">
        <test-method signature="credntial(java.lang.String,int)[pri:0, instance:Test_practic.Multiple_datas@16a0ee18]" started-at="2022-09-22T18:08:35 IST" name="credntial" data-provider="testData" finished-at="2022-09-22T18:08:35 IST" duration-ms="5" status="PASS">
          <params>
            <param index="0">
              <value>
                <![CDATA[starc]]>
              </value>
            </param>
            <param index="1">
              <value>
                <![CDATA[56]]>
              </value>
            </param>
          </params>
          <reporter-output>
          </reporter-output>
        </test-method> <!-- credntial -->
        <test-method signature="credntial(java.lang.String,int)[pri:0, instance:Test_practic.Multiple_datas@16a0ee18]" started-at="2022-09-22T18:08:35 IST" name="credntial" data-provider="testData" finished-at="2022-09-22T18:08:35 IST" duration-ms="1" status="PASS">
          <params>
            <param index="0">
              <value>
                <![CDATA[smith]]>
              </value>
            </param>
            <param index="1">
              <value>
                <![CDATA[49]]>
              </value>
            </param>
          </params>
          <reporter-output>
          </reporter-output>
        </test-method> <!-- credntial -->
      </class> <!-- Test_practic.Multiple_datas -->
    </test> <!-- Default test -->
  </suite> <!-- Default suite -->
</testng-results>
